Arguments: 
  C:\Program Files\nodejs\node.exe C:\Program Files (x86)\Yarn\bin\yarn.js

PATH: 
  C:\Program Files\Git\mingw64\bin;C:\Program Files\Git\usr\bin;P:\bin;C:\Program Files\Docker\Docker\Resources\bin;C:\ProgramData\Oracle\Java\javapath;C:\WINDOWS\system32;C:\WINDOWS;C:\WINDOWS\System32\Wbem;C:\WINDOWS\System32\WindowsPowerShell\v1.0;C:\Program Files\Microsoft SQL Server\130\Tools\Binn;C:\Program Files\TortoiseGit\bin;C:\WINDOWS\system32\config\systemprofile\.dnx\bin;C:\Program Files\Microsoft DNX\Dnvm;C:\Program Files\Microsoft SQL Server\120\Tools\Binn;C:\Program Files\dotnet;C:\Program Files\Microsoft\Web Platform Installer;C:\Program Files\Git\cmd;C:\Users\iak28\AppData\Roaming\nvm;C:\Program Files\nodejs;C:\Program Files (x86)\Git\cmd;C:\Program Files\Microsoft SQL Server\110\Tools\Binn;C:\Program Files (x86)\Yarn\bin;C:\Go\bin;C:\Users\iak28\AppData\Local\Microsoft\WindowsApps;C:\Program Files (x86)\Microsoft VS Code\bin;C:\Users\iak28\AppData\Roaming\curl;C:\PuTTY;C:\Program Files (x86)\pgAdmin 4\v1\runtime;C:\Users\iak28\AppData\Roaming\npm;C:\Users\iak28\AppData\Roaming\nvm;C:\Program Files\nodejs;C:\Users\iak28\AppData\Local\Yarn\bin;C:\Program Files\Java\jre-9.0.1\bin;C:\Go

Yarn version: 
  1.2.1

Node version: 
  6.9.5

Platform: 
  win32 x64

npm manifest: 
  {
      "name": "universal-demo",
      "version": "0.0.0",
      "license": "MIT",
      "scripts": {
          "ng": "ng",
          "start": "ng serve",
          "ssr": "npm run build:universal && npm run server",
          "ssr:debug": "ng build --dev --aot=true --output-hashing=all --named-chunks=false --build-optimizer=true  && ng build --dev --aot=true --output-hashing=all --named-chunks=false --build-optimizer=true --app 1 && webpack && node server.js",
          "build": "ng build",
          "build:prod": "ng build --prod",
          "build:universal": "ng build --prod && ng build --prod --app 1 && webpack",
          "server": "node server.js",
          "test": "ng test",
          "lint": "ng lint",
          "e2e": "ng e2e",
          "universal": "ng build --prod && ng build --prod --app 1 && ts-node server"
      },
      "private": true,
      "dependencies": {
          "@angular/animations": "5.0.1",
          "@angular/cdk": "5.0.0-rc0",
          "@angular/common": "5.0.1",
          "@angular/compiler": "5.0.1",
          "@angular/core": "5.0.1",
          "@angular/forms": "5.0.1",
          "@angular/http": "5.0.1",
          "@angular/material": "5.0.0-rc0",
          "@angular/platform-browser": "5.0.1",
          "@angular/platform-browser-dynamic": "5.0.1",
          "@angular/router": "5.0.1",
          "@ngtools/webpack": "1.9.0-beta.0",
          "@nguniversal/common": "5.0.0-beta.5",
          "@nguniversal/express-engine": "5.0.0-beta.5",
          "@nguniversal/module-map-ngfactory-loader": "5.0.0-beta.5",
          "chart.js": "2.7.1",
          "cookie-parser": "1.4.3",
          "core-js": "2.5.1",
          "font-awesome": "4.7.0",
          "fullcalendar": "3.7.0",
          "hammerjs": "2.0.8",
          "jquery": "3.2.1",
          "moment": "2.19.2",
          "ngx-cookie-service": "1.0.9",
          "primeng": "5.0.0-rc.0",
          "prismjs": "1.8.4",
          "quill": "1.3.4",
          "rxjs": "5.5.2",
          "uglify-es": "3.1.9",
          "xmlhttprequest": "^1.8.0",
          "zone.js": "0.8.18",
          "@types/node": "8.0.51",
      },
      "devDependencies": {
          "@angular/cli": "1.6.0-beta.0",
          "@angular/compiler-cli": "5.0.1",
          "@angular/language-service": "5.0.1",
          "@angular/platform-server": "5.0.1",
          "@types/jasmine": "2.8.0",
          "@types/jasminewd2": "2.0.3",
          "codelyzer": "4.0.1",
          "jasmine-core": "2.8.0",
          "jasmine-spec-reporter": "4.2.1",
          "karma": "1.7.1",
          "karma-chrome-launcher": "2.2.0",
          "karma-cli": "1.0.1",
          "karma-coverage-istanbul-reporter": "1.3.0",
          "karma-jasmine": "1.1.0",
          "karma-jasmine-html-reporter": "0.2.2",
          "protractor": "5.2.0",
          "ts-node": "3.3.0",
          "tslint": "5.8.0",
          "typescript": "2.4.2"
      }
  }

yarn manifest: 
  No manifest

Lockfile: 
  No lockfile

Trace: 
  SyntaxError: C:\GitHub\angular-universal-starter\package.json: Unexpected token } in JSON at position 2024
      at Object.parse (native)
      at C:\Program Files (x86)\Yarn\lib\cli.js:770:59
      at next (native)
      at step (C:\Program Files (x86)\Yarn\lib\cli.js:92:30)
      at C:\Program Files (x86)\Yarn\lib\cli.js:103:13
